<?xml version="1.0" encoding="UTF-8"?>
<!-- Generated by org.testng.reporters.JUnitReportReporter -->
<testsuite skipped="0" hostname="LITU" name="com.Hrm.TestScript.HrmScript" tests="1" failures="0" timestamp="07 Mar 2018 21:11:35 GMT" time="14.099" errors="0">
  <testcase name="TestScripts" time="14.099" classname="com.Hrm.TestScript.HrmScript"/>
</testsuite> <!-- com.Hrm.TestScript.HrmScript -->
